#
# A fatal error has been detected by the Java Runtime Environment:
#
#  EXCEPTION_ACCESS_VIOLATION (0xc0000005) at pc=0x00007ffca99fc89a, pid=86816, tid=17380
#
# JRE version: Java(TM) SE Runtime Environment (9.0+11) (build 9.0.1+11)
# Java VM: Java HotSpot(TM) 64-Bit Server VM (9.0.1+11, mixed mode, tiered, compressed oops, g1 gc, windows-amd64)
# Problematic frame:
# C  [ig75icd64.dll+0xec89a]
#
# No core dump will be written. Minidumps are not enabled by default on client versions of Windows
#
# If you would like to submit a bug report, please visit:
#   http://bugreport.java.com/bugreport/crash.jsp
# The crash happened outside the Java Virtual Machine in native code.
# See problematic frame for where to report the bug.
#

---------------  S U M M A R Y ------------

Command Line: -Xmx512m --illegal-access=deny -DlanguageId_xjal=en0xg4ub -DFlowchartCountersVisible_xjal=true -DTileCachePath_xjal=G:\Program Files\AnyLogic 8 Personal Learning Edition\plugins\com.anylogic.gis_8.2.3.201711301819\tiles -DFlowchartPortStateAnimated_xjal=true -DuseProxy_xjal=false -Djava.library.path=G:\Program Files\AnyLogic 8 Personal Learning Edition\plugins\org.j3d.opengl.swt.win32.x86_64_0.7.0;G:\Program Files\AnyLogic 8 Personal Learning Edition\plugins\org.j3d.opengl.swt.win32.x86_64_0.7.0 -Dfile.encoding=Cp1252 com.anylogic.ms.MS wip_repr_model1.Simulation 1837935

Host: Intel(R) Core(TM) i5-4210U CPU @ 1.70GHz, 4 cores, 11G,  Windows 10 , 64 bit Build 16299 (10.0.16299.15)
Time: Fri Apr 13 10:23:32 2018 W. Europe Daylight Time elapsed time: 97 seconds (0d 0h 1m 37s)

---------------  T H R E A D  ---------------

Current thread (0x00000258782a7800):  JavaThread "AV3D Runtime" [_thread_in_native, id=17380, stack(0x0000009a5a500000,0x0000009a5a600000)]

Stack: [0x0000009a5a500000,0x0000009a5a600000],  sp=0x0000009a5a5fe8f0,  free space=1018k
Native frames: (J=compiled Java code, j=interpreted, Vv=VM code, C=native code)

Java frames: (J=compiled Java code, j=interpreted, Vv=VM code)
j  com.sun.opengl.impl.windows.WGL.wglCreateContext(J)J+0
j  com.sun.opengl.impl.windows.WindowsGLContext.create()V+30
J 7739 c1 com.sun.opengl.impl.windows.WindowsGLContext.makeCurrentImpl()I (254 bytes) @ 0x000002580167e04c [0x000002580167df00+0x000000000000014c]
J 7735 c1 com.sun.opengl.impl.GLContextImpl.makeCurrent()I (130 bytes) @ 0x000002580167c80c [0x000002580167c200+0x000000000000060c]
j  com.sun.opengl.impl.windows.WindowsGLDrawable.choosePixelFormat(Z)V+183
J 7751 c1 com.sun.opengl.impl.windows.WindowsOnscreenGLDrawable.lockSurface()I (408 bytes) @ 0x000002580168be6c [0x0000025801689980+0x00000000000024ec]
J 7750 c1 com.sun.opengl.impl.windows.WindowsOnscreenGLContext.makeCurrentImpl()I (85 bytes) @ 0x00000258016889d4 [0x0000025801688940+0x0000000000000094]
J 7735 c1 com.sun.opengl.impl.GLContextImpl.makeCurrent()I (130 bytes) @ 0x000002580167c80c [0x000002580167c200+0x000000000000060c]
j  org.j3d.aviatrix3d.output.graphics.BaseSurface.initCanvas()Z+13
J 8129 c1 org.j3d.aviatrix3d.output.graphics.BaseSurface.draw(Lorg/j3d/aviatrix3d/rendering/ProfilingData;)Z (142 bytes) @ 0x000002580178137c [0x0000025801781240+0x000000000000013c]
J 8128 c1 org.j3d.aviatrix3d.output.graphics.BaseAWTSurface.draw(Lorg/j3d/aviatrix3d/rendering/ProfilingData;)Z (40 bytes) @ 0x0000025801780ddc [0x0000025801780ae0+0x00000000000002fc]
J 8981 c1 org.j3d.aviatrix3d.pipeline.graphics.DefaultGraphicsPipeline.render()Z (111 bytes) @ 0x00000258019b1354 [0x00000258019b0f20+0x0000000000000434]
J 8983 c1 org.j3d.aviatrix3d.management.SingleDisplayCollection.process()Z (117 bytes) @ 0x00000258019b282c [0x00000258019b2600+0x000000000000022c]
j  org.j3d.aviatrix3d.management.SingleThreadRenderManager.run()V+469
j  java.lang.Thread.run()V+11 java.base@9.0.1
v  ~StubRoutines::call_stub

siginfo: EXCEPTION_ACCESS_VIOLATION (0xc0000005), writing address 0x0000000000000880


Register to memory mapping:

RIP=0x00007ffca99fc89a ig75icd64.dll
RAX=
[error occurred during error reporting (printing register info), id 0xc0000005]

Registers:
RAX=0x00000000ffffffff, RBX=0x000002580ffd0080, RCX=0x0000000000000000, RDX=0x0000000000000000
RSP=0x0000009a5a5fe8f0, RBP=0x0000000000000000, RSI=0x000002580ffd0080, RDI=0x0000000000000000
R8 =0x000002586aa315c0, R9 =0x0000000000008000, R10=0x0000025813ea0a00, R11=0x0000000000000000
R12=0x00000258145902d8, R13=0x0000000000000000, R14=0x0000000000000000, R15=0x00007ffcaa36e130
RIP=0x00007ffca99fc89a, EFLAGS=0x0000000000010286

Top of Stack: (sp=0x0000009a5a5fe8f0)
0x0000009a5a5fe8f0:   000002580ffd0080 000002580ffd0080
0x0000009a5a5fe900:   000002580ffd0080 000002580ffd0080
0x0000009a5a5fe910:   0000000000000000 00007ffca991e087
0x0000009a5a5fe920:   0000000000000000 000002580f509c70
0x0000009a5a5fe930:   00000258100794a0 0000000000000000
0x0000009a5a5fe940:   0000000000000000 0000000000000000
0x0000009a5a5fe950:   0000000000000000 00007ffca991d894
0x0000009a5a5fe960:   000002580ffd0080 000002580f509c70
0x0000009a5a5fe970:   0000000000000000 000002580fff6a20
0x0000009a5a5fe980:   fffffffffffffffe 0000000000000000
0x0000009a5a5fe990:   000002580f45a5d8 0000000000000000
0x0000009a5a5fe9a0:   00000000000000a8 00000258143cb3c0
0x0000009a5a5fe9b0:   0000000043013cb9 00007ffca9e4e94d
0x0000009a5a5fe9c0:   000002580fbb3cc0 00000258104ac0c0
0x0000009a5a5fe9d0:   0000000043013cb9 000002580f951870
0x0000009a5a5fe9e0:   00007ff70afb0000 00007ffcfb1e3ae4 

Instructions: (pc=0x00007ffca99fc89a)
0x00007ffca99fc87a:   93 70 ea 02 00 48 85 d2 74 0c 48 8b 8b 78 ea 02
0x00007ffca99fc88a:   00 e8 20 7c 45 00 48 8b 8b 78 ea 02 00 83 c8 ff
0x00007ffca99fc89a:   f0 0f c1 81 80 08 00 00 ff c8 75 05 e8 75 7d 45
0x00007ffca99fc8aa:   00 b0 01 48 c7 83 78 ea 02 00 00 00 00 00 48 83 



---------------  P R O C E S S  ---------------

Java Threads: ( => current thread )
  0x00000258782b3000 JavaThread "AnyLogic user input event processor" daemon [_thread_blocked, id=86612, stack(0x0000009a5a900000,0x0000009a5aa00000)]
=>0x00000258782a7800 JavaThread "AV3D Runtime" [_thread_in_native, id=17380, stack(0x0000009a5a500000,0x0000009a5a600000)]
  0x00000258782b2000 JavaThread "Xj3D Content Loader" [_thread_blocked, id=83048, stack(0x0000009a5a300000,0x0000009a5a400000)]
  0x00000258782b1800 JavaThread "Xj3D Content Loader" [_thread_blocked, id=80932, stack(0x0000009a5a200000,0x0000009a5a300000)]
  0x00000258782b0800 JavaThread "Xj3D Content Loader" [_thread_blocked, id=79616, stack(0x0000009a5a100000,0x0000009a5a200000)]
  0x00000258782a9000 JavaThread "AnyLogic model execution thread" daemon [_thread_blocked, id=69960, stack(0x0000009a59900000,0x0000009a59a00000)]
  0x00000258782aa800 JavaThread "TimerQueue" daemon [_thread_blocked, id=86684, stack(0x0000009a59800000,0x0000009a59900000)]
  0x00000258782a8000 JavaThread "AnyLogic presentation frame manager" daemon [_thread_blocked, id=81592, stack(0x0000009a59700000,0x0000009a59800000)]
  0x00000258782af000 JavaThread "DestroyJavaVM" [_thread_blocked, id=78912, stack(0x0000009a56d00000,0x0000009a56e00000)]
  0x00000258782ac000 JavaThread "AnyLogic simulation performance monitor" [_thread_blocked, id=69996, stack(0x0000009a59600000,0x0000009a59700000)]
  0x00000258782ae000 JavaThread "AWT-EventQueue-0" [_thread_in_native, id=83348, stack(0x0000009a59200000,0x0000009a59300000)]
  0x00000258778e9800 JavaThread "AWT-Windows" daemon [_thread_in_native, id=85072, stack(0x0000009a58a00000,0x0000009a58b00000)]
  0x00000258778e6800 JavaThread "AWT-Shutdown" [_thread_blocked, id=82560, stack(0x0000009a58900000,0x0000009a58a00000)]
  0x00000258778e8800 JavaThread "Java2D Disposer" daemon [_thread_blocked, id=84224, stack(0x0000009a58800000,0x0000009a58900000)]
  0x00000258778e3800 JavaThread "Service Thread" daemon [_thread_blocked, id=82456, stack(0x0000009a58500000,0x0000009a58600000)]
  0x00000258778e4000 JavaThread "Common-Cleaner" daemon [_thread_blocked, id=72580, stack(0x0000009a58400000,0x0000009a58500000)]
  0x0000025877894800 JavaThread "Sweeper thread" daemon [_thread_blocked, id=84424, stack(0x0000009a58300000,0x0000009a58400000)]
  0x000002587784c000 JavaThread "C1 CompilerThread2" daemon [_thread_blocked, id=86844, stack(0x0000009a58200000,0x0000009a58300000)]
  0x0000025877826000 JavaThread "C2 CompilerThread1" daemon [_thread_blocked, id=86920, stack(0x0000009a58100000,0x0000009a58200000)]
  0x000002587781c000 JavaThread "C2 CompilerThread0" daemon [_thread_in_native, id=85796, stack(0x0000009a58000000,0x0000009a58100000)]
  0x000002587781a800 JavaThread "Attach Listener" daemon [_thread_blocked, id=86464, stack(0x0000009a57f00000,0x0000009a58000000)]
  0x0000025877819800 JavaThread "Signal Dispatcher" daemon [_thread_blocked, id=76028, stack(0x0000009a57e00000,0x0000009a57f00000)]
  0x000002587780a000 JavaThread "Finalizer" daemon [_thread_blocked, id=70004, stack(0x0000009a57c00000,0x0000009a57d00000)]
  0x0000025877800000 JavaThread "Reference Handler" daemon [_thread_blocked, id=68408, stack(0x0000009a57b00000,0x0000009a57c00000)]

Other Threads:
  0x00000258777d4800 VMThread "VM Thread" [stack: 0x0000009a57a00000,0x0000009a57b00000] [id=41896]
  0x0000025877b93000 WatcherThread [stack: 0x0000009a58600000,0x0000009a58700000] [id=81540]
  0x000002586ab1f000 GCTaskThread "GC Thread#0" [stack: 0x0000009a56f00000,0x0000009a57000000] [id=83520]
  0x000002586ab20000 GCTaskThread "GC Thread#1" [stack: 0x0000009a57000000,0x0000009a57100000] [id=78312]
  0x000002586ab22000 GCTaskThread "GC Thread#2" [stack: 0x0000009a57100000,0x0000009a57200000] [id=83176]
  0x000002586ab24000 GCTaskThread "GC Thread#3" [stack: 0x0000009a57200000,0x0000009a57300000] [id=80588]
  0x000002586ab58000 ConcurrentGCThread "G1 Main Marker" [stack: 0x0000009a57800000,0x0000009a57900000] [id=84672]
  0x000002586ab59000 ConcurrentGCThread "G1 Marker#0" [stack: 0x0000009a57900000,0x0000009a57a00000] [id=75060]
  0x000002586ab33800 ConcurrentGCThread "G1 Refine#0" [stack: 0x0000009a57600000,0x0000009a57700000] [id=76320]
  0x000002586ab2d000 ConcurrentGCThread "G1 Refine#1" [stack: 0x0000009a57500000,0x0000009a57600000] [id=74764]
  0x000002586ab2a000 ConcurrentGCThread "G1 Refine#2" [stack: 0x0000009a57400000,0x0000009a57500000] [id=86136]
  0x000002586ab25800 ConcurrentGCThread "G1 Refine#3" [stack: 0x0000009a57300000,0x0000009a57400000] [id=86132]
  0x000002586ab34800 ConcurrentGCThread "G1 Young RemSet Sampling" [stack: 0x0000009a57700000,0x0000009a57800000] [id=84464]

Threads with active compile tasks:
C2 CompilerThread09367       4       javax.swing.text.FieldView::adjustAllocation (358 bytes)

VM state:not at safepoint (normal execution)

VM Mutex/Monitor currently owned by a thread: None

Heap address: 0x00000000e0000000, size: 512 MB, Compressed Oops mode: 32-bit
Narrow klass base: 0x0000000000000000, Narrow klass shift: 3
Compressed class space size: 1073741824 Address: 0x0000000100000000

Heap:
 garbage-first heap   total 196608K, used 159570K [0x00000000e0000000, 0x00000000e0100600, 0x0000000100000000)
  region size 1024K, 91 young (93184K), 9 survivors (9216K)
 Metaspace       used 44572K, capacity 45956K, committed 46204K, reserved 1089536K
  class space    used 5933K, capacity 6220K, committed 6272K, reserved 1048576K
Heap Regions: E=young(eden), S=young(survivor), O=old, HS=humongous(starts), HC=humongous(continues), CS=collection set, F=free, A=archive, TS=gc time stamp, AC=allocation context, TAMS=top-at-mark-start (previous, next)
|   0|0x00000000e0000000, 0x00000000e0100000, 0x00000000e0100000|100%|HS|  |TS  0|AC  0|TAMS 0x00000000e0100000, 0x00000000e0100000|
|   1|0x00000000e0100000, 0x00000000e0200000, 0x00000000e0200000|100%| O|  |TS  0|AC  0|TAMS 0x00000000e0200000, 0x00000000e0200000|
|   2|0x00000000e0200000, 0x00000000e0300000, 0x00000000e0300000|100%| O|  |TS  0|AC  0|TAMS 0x00000000e0300000, 0x00000000e0300000|
|   3|0x00000000e0300000, 0x00000000e0400000, 0x00000000e0400000|100%| O|  |TS  0|AC  0|TAMS 0x00000000e0400000, 0x00000000e0400000|
|   4|0x00000000e0400000, 0x00000000e0500000, 0x00000000e0500000|100%| O|  |TS  0|AC  0|TAMS 0x00000000e0500000, 0x00000000e0500000|
|   5|0x00000000e0500000, 0x00000000e0600000, 0x00000000e0600000|100%| O|  |TS  0|AC  0|TAMS 0x00000000e0600000, 0x00000000e0600000|
|   6|0x00000000e0600000, 0x00000000e0700000, 0x00000000e0700000|100%| O|  |TS  0|AC  0|TAMS 0x00000000e0700000, 0x00000000e0700000|
|   7|0x00000000e0700000, 0x00000000e0800000, 0x00000000e0800000|100%| O|  |TS  0|AC  0|TAMS 0x00000000e0800000, 0x00000000e0800000|
|   8|0x00000000e0800000, 0x00000000e0900000, 0x00000000e0900000|100%| O|  |TS  0|AC  0|TAMS 0x00000000e0900000, 0x00000000e0900000|
|   9|0x00000000e0900000, 0x00000000e0a00000, 0x00000000e0a00000|100%|HS|  |TS  0|AC  0|TAMS 0x00000000e0a00000, 0x00000000e0a00000|
|  10|0x00000000e0a00000, 0x00000000e0b00000, 0x00000000e0b00000|100%|HC|  |TS  0|AC  0|TAMS 0x00000000e0b00000, 0x00000000e0b00000|
|  11|0x00000000e0b00000, 0x00000000e0c00000, 0x00000000e0c00000|100%|HC|  |TS  0|AC  0|TAMS 0x00000000e0c00000, 0x00000000e0c00000|
|  12|0x00000000e0c00000, 0x00000000e0d00000, 0x00000000e0d00000|100%| O|  |TS 31|AC  0|TAMS 0x00000000e0c00000, 0x00000000e0c00000|
|  13|0x00000000e0d00000, 0x00000000e0e00000, 0x00000000e0e00000|100%| O|  |TS 31|AC  0|TAMS 0x00000000e0d00000, 0x00000000e0d00000|
|  14|0x00000000e0e00000, 0x00000000e0f00000, 0x00000000e0f00000|100%| O|  |TS 33|AC  0|TAMS 0x00000000e0e00000, 0x00000000e0e00000|
|  15|0x00000000e0f00000, 0x00000000e1000000, 0x00000000e1000000|100%|HS|  |TS  0|AC  0|TAMS 0x00000000e1000000, 0x00000000e1000000|
|  16|0x00000000e1000000, 0x00000000e1100000, 0x00000000e1100000|100%|HC|  |TS  0|AC  0|TAMS 0x00000000e1100000, 0x00000000e1100000|
|  17|0x00000000e1100000, 0x00000000e1200000, 0x00000000e1200000|100%|HC|  |TS  0|AC  0|TAMS 0x00000000e1200000, 0x00000000e1200000|
|  18|0x00000000e1200000, 0x00000000e1300000, 0x00000000e1300000|100%|HS|  |TS  0|AC  0|TAMS 0x00000000e1300000, 0x00000000e1300000|
|  19|0x00000000e1300000, 0x00000000e1400000, 0x00000000e1400000|100%|HC|  |TS  0|AC  0|TAMS 0x00000000e1400000, 0x00000000e1400000|
|  20|0x00000000e1400000, 0x00000000e1500000, 0x00000000e1500000|100%|HC|  |TS  0|AC  0|TAMS 0x00000000e1500000, 0x00000000e1500000|
|  21|0x00000000e1500000, 0x00000000e1600000, 0x00000000e1600000|100%| O|  |TS  0|AC  0|TAMS 0x00000000e1600000, 0x00000000e1600000|
|  22|0x00000000e1600000, 0x00000000e1700000, 0x00000000e1700000|100%|HS|  |TS  0|AC  0|TAMS 0x00000000e1700000, 0x00000000e1700000|
|  23|0x00000000e1700000, 0x00000000e1800000, 0x00000000e1800000|100%|HC|  |TS  0|AC  0|TAMS 0x00000000e1800000, 0x00000000e1800000|
|  24|0x00000000e1800000, 0x00000000e1900000, 0x00000000e1900000|100%|HC|  |TS  0|AC  0|TAMS 0x00000000e1900000, 0x00000000e1900000|
|  25|0x00000000e1900000, 0x00000000e1a00000, 0x00000000e1a00000|100%|HC|  |TS  0|AC  0|TAMS 0x00000000e1a00000, 0x00000000e1a00000|
|  26|0x00000000e1a00000, 0x00000000e1b00000, 0x00000000e1b00000|100%| O|  |TS  0|AC  0|TAMS 0x00000000e1b00000, 0x00000000e1b00000|
|  27|0x00000000e1b00000, 0x00000000e1c00000, 0x00000000e1c00000|100%| O|  |TS  0|AC  0|TAMS 0x00000000e1c00000, 0x00000000e1c00000|
|  28|0x00000000e1c00000, 0x00000000e1d00000, 0x00000000e1d00000|100%|HS|  |TS  0|AC  0|TAMS 0x00000000e1d00000, 0x00000000e1d00000|
|  29|0x00000000e1d00000, 0x00000000e1e00000, 0x00000000e1e00000|100%|HC|  |TS  0|AC  0|TAMS 0x00000000e1e00000, 0x00000000e1e00000|
|  30|0x00000000e1e00000, 0x00000000e1f00000, 0x00000000e1f00000|100%|HC|  |TS  0|AC  0|TAMS 0x00000000e1f00000, 0x00000000e1f00000|
|  31|0x00000000e1f00000, 0x00000000e2000000, 0x00000000e2000000|100%| O|  |TS  0|AC  0|TAMS 0x00000000e2000000, 0x00000000e2000000|
|  32|0x00000000e2000000, 0x00000000e2100000, 0x00000000e2100000|100%| O|  |TS  0|AC  0|TAMS 0x00000000e2100000, 0x00000000e2100000|
|  33|0x00000000e2100000, 0x00000000e2200000, 0x00000000e2200000|100%| O|  |TS  0|AC  0|TAMS 0x00000000e2200000, 0x00000000e2200000|
|  34|0x00000000e2200000, 0x00000000e2300000, 0x00000000e2300000|100%| O|  |TS  0|AC  0|TAMS 0x00000000e2300000, 0x00000000e2300000|
|  35|0x00000000e2300000, 0x00000000e2400000, 0x00000000e2400000|100%| O|  |TS  0|AC  0|TAMS 0x00000000e2400000, 0x00000000e2400000|
|  36|0x00000000e2400000, 0x00000000e2500000, 0x00000000e2500000|100%| O|  |TS  0|AC  0|TAMS 0x00000000e2500000, 0x00000000e2500000|
|  37|0x00000000e2500000, 0x00000000e2600000, 0x00000000e2600000|100%| O|  |TS  0|AC  0|TAMS 0x00000000e2600000, 0x00000000e2600000|
|  38|0x00000000e2600000, 0x00000000e2700000, 0x00000000e2700000|100%| O|  |TS  0|AC  0|TAMS 0x00000000e2700000, 0x00000000e2700000|
|  39|0x00000000e2700000, 0x00000000e2750c00, 0x00000000e2800000| 31%| O|  |TS 35|AC  0|TAMS 0x00000000e2700000, 0x00000000e2700000|
|  40|0x00000000e2800000, 0x00000000e2800000, 0x00000000e2900000|  0%| F|  |TS 27|AC  0|TAMS 0x00000000e2800000, 0x00000000e2800000|
|  41|0x00000000e2900000, 0x00000000e2900000, 0x00000000e2a00000|  0%| F|  |TS 27|AC  0|TAMS 0x00000000e2900000, 0x00000000e2900000|
|  42|0x00000000e2a00000, 0x00000000e2b00000, 0x00000000e2b00000|100%| O|  |TS  0|AC  0|TAMS 0x00000000e2b00000, 0x00000000e2b00000|
|  43|0x00000000e2b00000, 0x00000000e2c00000, 0x00000000e2c00000|100%| O|  |TS  0|AC  0|TAMS 0x00000000e2c00000, 0x00000000e2c00000|
|  44|0x00000000e2c00000, 0x00000000e2d00000, 0x00000000e2d00000|100%| O|  |TS  0|AC  0|TAMS 0x00000000e2d00000, 0x00000000e2d00000|
|  45|0x00000000e2d00000, 0x00000000e2e00000, 0x00000000e2e00000|100%| O|  |TS  0|AC  0|TAMS 0x00000000e2e00000, 0x00000000e2e00000|
|  46|0x00000000e2e00000, 0x00000000e2f00000, 0x00000000e2f00000|100%| O|  |TS  0|AC  0|TAMS 0x00000000e2f00000, 0x00000000e2f00000|
|  47|0x00000000e2f00000, 0x00000000e3000000, 0x00000000e3000000|100%| O|  |TS  0|AC  0|TAMS 0x00000000e3000000, 0x00000000e3000000|
|  48|0x00000000e3000000, 0x00000000e3100000, 0x00000000e3100000|100%| O|  |TS  0|AC  0|TAMS 0x00000000e3100000, 0x00000000e3100000|
|  49|0x00000000e3100000, 0x00000000e3200000, 0x00000000e3200000|100%| O|  |TS  0|AC  0|TAMS 0x00000000e3200000, 0x00000000e3200000|
|  50|0x00000000e3200000, 0x00000000e3300000, 0x00000000e3300000|100%| O|  |TS  0|AC  0|TAMS 0x00000000e3300000, 0x00000000e3300000|
|  51|0x00000000e3300000, 0x00000000e3300000, 0x00000000e3400000|  0%| F|  |TS 25|AC  0|TAMS 0x00000000e3300000, 0x00000000e3300000|
|  52|0x00000000e3400000, 0x00000000e3500000, 0x00000000e3500000|100%| O|  |TS  0|AC  0|TAMS 0x00000000e3500000, 0x00000000e3500000|
|  53|0x00000000e3500000, 0x00000000e3600000, 0x00000000e3600000|100%|HS|  |TS  5|AC  0|TAMS 0x00000000e3500000, 0x00000000e3500000|
|  54|0x00000000e3600000, 0x00000000e3700000, 0x00000000e3700000|100%|HC|  |TS  5|AC  0|TAMS 0x00000000e3600000, 0x00000000e3600000|
|  55|0x00000000e3700000, 0x00000000e3800000, 0x00000000e3800000|100%|HC|  |TS  5|AC  0|TAMS 0x00000000e3700000, 0x00000000e3700000|
|  56|0x00000000e3800000, 0x00000000e3800000, 0x00000000e3900000|  0%| F|  |TS 27|AC  0|TAMS 0x00000000e3800000, 0x00000000e3800000|
|  57|0x00000000e3900000, 0x00000000e3900000, 0x00000000e3a00000|  0%| F|  |TS  0|AC  0|TAMS 0x00000000e3900000, 0x00000000e3900000|
|  58|0x00000000e3a00000, 0x00000000e3a00000, 0x00000000e3b00000|  0%| F|  |TS  0|AC  0|TAMS 0x00000000e3a00000, 0x00000000e3a00000|
|  59|0x00000000e3b00000, 0x00000000e3c00000, 0x00000000e3c00000|100%| O|  |TS  0|AC  0|TAMS 0x00000000e3c00000, 0x00000000e3c00000|
|  60|0x00000000e3c00000, 0x00000000e3d00000, 0x00000000e3d00000|100%| O|  |TS  0|AC  0|TAMS 0x00000000e3d00000, 0x00000000e3d00000|
|  61|0x00000000e3d00000, 0x00000000e3d00000, 0x00000000e3e00000|  0%| F|  |TS  7|AC  0|TAMS 0x00000000e3d00000, 0x00000000e3d00000|
|  62|0x00000000e3e00000, 0x00000000e3e00000, 0x00000000e3f00000|  0%| F|  |TS  7|AC  0|TAMS 0x00000000e3e00000, 0x00000000e3e00000|
|  63|0x00000000e3f00000, 0x00000000e3f00000, 0x00000000e4000000|  0%| F|  |TS  7|AC  0|TAMS 0x00000000e3f00000, 0x00000000e3f00000|
|  64|0x00000000e4000000, 0x00000000e4000000, 0x00000000e4100000|  0%| F|  |TS  7|AC  0|TAMS 0x00000000e4000000, 0x00000000e4000000|
|  65|0x00000000e4100000, 0x00000000e4100000, 0x00000000e4200000|  0%| F|  |TS  7|AC  0|TAMS 0x00000000e4100000, 0x00000000e4100000|
|  66|0x00000000e4200000, 0x00000000e4200000, 0x00000000e4300000|  0%| F|  |TS  7|AC  0|TAMS 0x00000000e4200000, 0x00000000e4200000|
|  67|0x00000000e4300000, 0x00000000e4300000, 0x00000000e4400000|  0%| F|  |TS  0|AC  0|TAMS 0x00000000e4300000, 0x00000000e4300000|
|  68|0x00000000e4400000, 0x00000000e4400000, 0x00000000e4500000|  0%| F|  |TS  0|AC  0|TAMS 0x00000000e4400000, 0x00000000e4400000|
|  69|0x00000000e4500000, 0x00000000e4500000, 0x00000000e4600000|  0%| F|  |TS  0|AC  0|TAMS 0x00000000e4500000, 0x00000000e4500000|
|  70|0x00000000e4600000, 0x00000000e4600000, 0x00000000e4700000|  0%| F|  |TS  0|AC  0|TAMS 0x00000000e4600000, 0x00000000e4600000|
|  71|0x00000000e4700000, 0x00000000e4700000, 0x00000000e4800000|  0%| F|  |TS  0|AC  0|TAMS 0x00000000e4700000, 0x00000000e4700000|
|  72|0x00000000e4800000, 0x00000000e4800000, 0x00000000e4900000|  0%| F|  |TS  0|AC  0|TAMS 0x00000000e4800000, 0x00000000e4800000|
|  73|0x00000000e4900000, 0x00000000e4983ce0, 0x00000000e4a00000| 51%| S|CS|TS 35|AC  0|TAMS 0x00000000e4900000, 0x00000000e4900000|
|  74|0x00000000e4a00000, 0x00000000e4b00000, 0x00000000e4b00000|100%| S|CS|TS 35|AC  0|TAMS 0x00000000e4a00000, 0x00000000e4a00000|
|  75|0x00000000e4b00000, 0x00000000e4c00000, 0x00000000e4c00000|100%| S|CS|TS 35|AC  0|TAMS 0x00000000e4b00000, 0x00000000e4b00000|
|  76|0x00000000e4c00000, 0x00000000e4d00000, 0x00000000e4d00000|100%| S|CS|TS 35|AC  0|TAMS 0x00000000e4c00000, 0x00000000e4c00000|
|  77|0x00000000e4d00000, 0x00000000e4e00000, 0x00000000e4e00000|100%| S|CS|TS 35|AC  0|TAMS 0x00000000e4d00000, 0x00000000e4d00000|
|  78|0x00000000e4e00000, 0x00000000e4f00000, 0x00000000e4f00000|100%| S|CS|TS 35|AC  0|TAMS 0x00000000e4e00000, 0x00000000e4e00000|
|  79|0x00000000e4f00000, 0x00000000e4f00000, 0x00000000e5000000|  0%| F|  |TS 35|AC  0|TAMS 0x00000000e4f00000, 0x00000000e4f00000|
|  80|0x00000000e5000000, 0x00000000e5000000, 0x00000000e5100000|  0%| F|  |TS 35|AC  0|TAMS 0x00000000e5000000, 0x00000000e5000000|
|  81|0x00000000e5100000, 0x00000000e5200000, 0x00000000e5200000|100%| S|CS|TS 35|AC  0|TAMS 0x00000000e5100000, 0x00000000e5100000|
|  82|0x00000000e5200000, 0x00000000e5300000, 0x00000000e5300000|100%| S|CS|TS 35|AC  0|TAMS 0x00000000e5200000, 0x00000000e5200000|
|  83|0x00000000e5300000, 0x00000000e5300000, 0x00000000e5400000|  0%| F|  |TS 35|AC  0|TAMS 0x00000000e5300000, 0x00000000e5300000|
|  84|0x00000000e5400000, 0x00000000e5500000, 0x00000000e5500000|100%| S|CS|TS 35|AC  0|TAMS 0x00000000e5400000, 0x00000000e5400000|
|  85|0x00000000e5500000, 0x00000000e5500000, 0x00000000e5600000|  0%| F|  |TS 35|AC  0|TAMS 0x00000000e5500000, 0x00000000e5500000|
|  86|0x00000000e5600000, 0x00000000e5600000, 0x00000000e5700000|  0%| F|  |TS 35|AC  0|TAMS 0x00000000e5600000, 0x00000000e5600000|
|  87|0x00000000e5700000, 0x00000000e5700000, 0x00000000e5800000|  0%| F|  |TS 35|AC  0|TAMS 0x00000000e5700000, 0x00000000e5700000|
|  88|0x00000000e5800000, 0x00000000e5800000, 0x00000000e5900000|  0%| F|  |TS 35|AC  0|TAMS 0x00000000e5800000, 0x00000000e5800000|
|  89|0x00000000e5900000, 0x00000000e5900000, 0x00000000e5a00000|  0%| F|  |TS 35|AC  0|TAMS 0x00000000e5900000, 0x00000000e5900000|
|  90|0x00000000e5a00000, 0x00000000e5a00000, 0x00000000e5b00000|  0%| F|  |TS 35|AC  0|TAMS 0x00000000e5a00000, 0x00000000e5a00000|
|  91|0x00000000e5b00000, 0x00000000e5b00000, 0x00000000e5c00000|  0%| F|  |TS 35|AC  0|TAMS 0x00000000e5b00000, 0x00000000e5b00000|
|  92|0x00000000e5c00000, 0x00000000e5c00000, 0x00000000e5d00000|  0%| F|  |TS 35|AC  0|TAMS 0x00000000e5c00000, 0x00000000e5c00000|
|  93|0x00000000e5d00000, 0x00000000e5d00000, 0x00000000e5e00000|  0%| F|  |TS 35|AC  0|TAMS 0x00000000e5d00000, 0x00000000e5d00000|
|  94|0x00000000e5e00000, 0x00000000e5e00000, 0x00000000e5f00000|  0%| F|  |TS 35|AC  0|TAMS 0x00000000e5e00000, 0x00000000e5e00000|
|  95|0x00000000e5f00000, 0x00000000e5f00000, 0x00000000e6000000|  0%| F|  |TS 35|AC  0|TAMS 0x00000000e5f00000, 0x00000000e5f00000|
|  96|0x00000000e6000000, 0x00000000e6000000, 0x00000000e6100000|  0%| F|  |TS 35|AC  0|TAMS 0x00000000e6000000, 0x00000000e6000000|
|  97|0x00000000e6100000, 0x00000000e6100000, 0x00000000e6200000|  0%| F|  |TS 35|AC  0|TAMS 0x00000000e6100000, 0x00000000e6100000|
|  98|0x00000000e6200000, 0x00000000e62b5110, 0x00000000e6300000| 70%| E|  |TS 35|AC  0|TAMS 0x00000000e6200000, 0x00000000e6200000|
|  99|0x00000000e6300000, 0x00000000e6400000, 0x00000000e6400000|100%| E|CS|TS 35|AC  0|TAMS 0x00000000e6300000, 0x00000000e6300000|
| 100|0x00000000e6400000, 0x00000000e6500000, 0x00000000e6500000|100%| E|CS|TS 35|AC  0|TAMS 0x00000000e6400000, 0x00000000e6400000|
| 101|0x00000000e6500000, 0x00000000e6600000, 0x00000000e6600000|100%| E|CS|TS 35|AC  0|TAMS 0x00000000e6500000, 0x00000000e6500000|
| 102|0x00000000e6600000, 0x00000000e6700000, 0x00000000e6700000|100%| E|CS|TS 35|AC  0|TAMS 0x00000000e6600000, 0x00000000e6600000|
| 103|0x00000000e6700000, 0x00000000e6800000, 0x00000000e6800000|100%| O|  |TS  0|AC  0|TAMS 0x00000000e6800000, 0x00000000e6800000|
| 104|0x00000000e6800000, 0x00000000e6900000, 0x00000000e6900000|100%| O|  |TS  0|AC  0|TAMS 0x00000000e6900000, 0x00000000e6900000|
| 105|0x00000000e6900000, 0x00000000e6a00000, 0x00000000e6a00000|100%| O|  |TS  0|AC  0|TAMS 0x00000000e6a00000, 0x00000000e6a00000|
| 106|0x00000000e6a00000, 0x00000000e6b00000, 0x00000000e6b00000|100%| O|  |TS  0|AC  0|TAMS 0x00000000e6b00000, 0x00000000e6b00000|
| 107|0x00000000e6b00000, 0x00000000e6c00000, 0x00000000e6c00000|100%| O|  |TS  0|AC  0|TAMS 0x00000000e6c00000, 0x00000000e6c00000|
| 108|0x00000000e6c00000, 0x00000000e6d00000, 0x00000000e6d00000|100%| O|  |TS  0|AC  0|TAMS 0x00000000e6d00000, 0x00000000e6d00000|
| 109|0x00000000e6d00000, 0x00000000e6e00000, 0x00000000e6e00000|100%| O|  |TS  0|AC  0|TAMS 0x00000000e6e00000, 0x00000000e6e00000|
| 110|0x00000000e6e00000, 0x00000000e6f00000, 0x00000000e6f00000|100%| O|  |TS  0|AC  0|TAMS 0x00000000e6f00000, 0x00000000e6f00000|
| 111|0x00000000e6f00000, 0x00000000e7000000, 0x00000000e7000000|100%| O|  |TS  0|AC  0|TAMS 0x00000000e7000000, 0x00000000e7000000|
| 112|0x00000000e7000000, 0x00000000e7100000, 0x00000000e7100000|100%| O|  |TS  0|AC  0|TAMS 0x00000000e7100000, 0x00000000e7100000|
| 113|0x00000000e7100000, 0x00000000e7200000, 0x00000000e7200000|100%| O|  |TS  0|AC  0|TAMS 0x00000000e7200000, 0x00000000e7200000|
| 114|0x00000000e7200000, 0x00000000e7300000, 0x00000000e7300000|100%| O|  |TS  0|AC  0|TAMS 0x00000000e7300000, 0x00000000e7300000|
| 115|0x00000000e7300000, 0x00000000e7400000, 0x00000000e7400000|100%| E|CS|TS 35|AC  0|TAMS 0x00000000e7300000, 0x00000000e7300000|
| 116|0x00000000e7400000, 0x00000000e7500000, 0x00000000e7500000|100%| E|CS|TS 35|AC  0|TAMS 0x00000000e7400000, 0x00000000e7400000|
| 117|0x00000000e7500000, 0x00000000e7600000, 0x00000000e7600000|100%| E|CS|TS 35|AC  0|TAMS 0x00000000e7500000, 0x00000000e7500000|
| 118|0x00000000e7600000, 0x00000000e7700000, 0x00000000e7700000|100%| E|CS|TS 35|AC  0|TAMS 0x00000000e7600000, 0x00000000e7600000|
| 119|0x00000000e7700000, 0x00000000e7800000, 0x00000000e7800000|100%| E|CS|TS 35|AC  0|TAMS 0x00000000e7700000, 0x00000000e7700000|
| 120|0x00000000e7800000, 0x00000000e7900000, 0x00000000e7900000|100%| E|CS|TS 35|AC  0|TAMS 0x00000000e7800000, 0x00000000e7800000|
| 121|0x00000000e7900000, 0x00000000e7a00000, 0x00000000e7a00000|100%| E|CS|TS 35|AC  0|TAMS 0x00000000e7900000, 0x00000000e7900000|
| 122|0x00000000e7a00000, 0x00000000e7b00000, 0x00000000e7b00000|100%| E|CS|TS 35|AC  0|TAMS 0x00000000e7a00000, 0x00000000e7a00000|
| 123|0x00000000e7b00000, 0x00000000e7c00000, 0x00000000e7c00000|100%| E|CS|TS 35|AC  0|TAMS 0x00000000e7b00000, 0x00000000e7b00000|
| 124|0x00000000e7c00000, 0x00000000e7d00000, 0x00000000e7d00000|100%| E|CS|TS 35|AC  0|TAMS 0x00000000e7c00000, 0x00000000e7c00000|
| 125|0x00000000e7d00000, 0x00000000e7e00000, 0x00000000e7e00000|100%| E|CS|TS 35|AC  0|TAMS 0x00000000e7d00000, 0x00000000e7d00000|
| 126|0x00000000e7e00000, 0x00000000e7f00000, 0x00000000e7f00000|100%| E|CS|TS 35|AC  0|TAMS 0x00000000e7e00000, 0x00000000e7e00000|
| 127|0x00000000e7f00000, 0x00000000e8000000, 0x00000000e8000000|100%| E|CS|TS 35|AC  0|TAMS 0x00000000e7f00000, 0x00000000e7f00000|
| 128|0x00000000e8000000, 0x00000000e8100000, 0x00000000e8100000|100%| E|CS|TS 35|AC  0|TAMS 0x00000000e8000000, 0x00000000e8000000|
| 129|0x00000000e8100000, 0x00000000e8200000, 0x00000000e8200000|100%| E|CS|TS 35|AC  0|TAMS 0x00000000e8100000, 0x00000000e8100000|
| 130|0x00000000e8200000, 0x00000000e8300000, 0x00000000e8300000|100%| E|CS|TS 35|AC  0|TAMS 0x00000000e8200000, 0x00000000e8200000|
| 131|0x00000000e8300000, 0x00000000e8400000, 0x00000000e8400000|100%| E|CS|TS 35|AC  0|TAMS 0x00000000e8300000, 0x00000000e8300000|
| 132|0x00000000e8400000, 0x00000000e8500000, 0x00000000e8500000|100%| E|CS|TS 35|AC  0|TAMS 0x00000000e8400000, 0x00000000e8400000|
| 133|0x00000000e8500000, 0x00000000e8600000, 0x00000000e8600000|100%| E|CS|TS 35|AC  0|TAMS 0x00000000e8500000, 0x00000000e8500000|
| 134|0x00000000e8600000, 0x00000000e8700000, 0x00000000e8700000|100%| E|CS|TS 35|AC  0|TAMS 0x00000000e8600000, 0x00000000e8600000|
| 135|0x00000000e8700000, 0x00000000e8800000, 0x00000000e8800000|100%| E|CS|TS 35|AC  0|TAMS 0x00000000e8700000, 0x00000000e8700000|
| 136|0x00000000e8800000, 0x00000000e8900000, 0x00000000e8900000|100%| E|CS|TS 35|AC  0|TAMS 0x00000000e8800000, 0x00000000e8800000|
| 137|0x00000000e8900000, 0x00000000e8a00000, 0x00000000e8a00000|100%| E|CS|TS 35|AC  0|TAMS 0x00000000e8900000, 0x00000000e8900000|
| 138|0x00000000e8a00000, 0x00000000e8b00000, 0x00000000e8b00000|100%| E|CS|TS 35|AC  0|TAMS 0x00000000e8a00000, 0x00000000e8a00000|
| 139|0x00000000e8b00000, 0x00000000e8c00000, 0x00000000e8c00000|100%| E|CS|TS 35|AC  0|TAMS 0x00000000e8b00000, 0x00000000e8b00000|
| 140|0x00000000e8c00000, 0x00000000e8d00000, 0x00000000e8d00000|100%| E|CS|TS 35|AC  0|TAMS 0x00000000e8c00000, 0x00000000e8c00000|
| 141|0x00000000e8d00000, 0x00000000e8e00000, 0x00000000e8e00000|100%| E|CS|TS 35|AC  0|TAMS 0x00000000e8d00000, 0x00000000e8d00000|
| 142|0x00000000e8e00000, 0x00000000e8f00000, 0x00000000e8f00000|100%| E|CS|TS 35|AC  0|TAMS 0x00000000e8e00000, 0x00000000e8e00000|
| 143|0x00000000e8f00000, 0x00000000e9000000, 0x00000000e9000000|100%| E|CS|TS 35|AC  0|TAMS 0x00000000e8f00000, 0x00000000e8f00000|
| 144|0x00000000e9000000, 0x00000000e9100000, 0x00000000e9100000|100%| E|CS|TS 35|AC  0|TAMS 0x00000000e9000000, 0x00000000e9000000|
| 145|0x00000000e9100000, 0x00000000e9200000, 0x00000000e9200000|100%| E|CS|TS 35|AC  0|TAMS 0x00000000e9100000, 0x00000000e9100000|
| 146|0x00000000e9200000, 0x00000000e9300000, 0x00000000e9300000|100%| E|CS|TS 35|AC  0|TAMS 0x00000000e9200000, 0x00000000e9200000|
| 147|0x00000000e9300000, 0x00000000e9400000, 0x00000000e9400000|100%| E|CS|TS 35|AC  0|TAMS 0x00000000e9300000, 0x00000000e9300000|
| 148|0x00000000e9400000, 0x00000000e9500000, 0x00000000e9500000|100%| E|CS|TS 35|AC  0|TAMS 0x00000000e9400000, 0x00000000e9400000|
| 149|0x00000000e9500000, 0x00000000e9600000, 0x00000000e9600000|100%| E|CS|TS 35|AC  0|TAMS 0x00000000e9500000, 0x00000000e9500000|
| 150|0x00000000e9600000, 0x00000000e9700000, 0x00000000e9700000|100%| E|CS|TS 35|AC  0|TAMS 0x00000000e9600000, 0x00000000e9600000|
| 151|0x00000000e9700000, 0x00000000e9800000, 0x00000000e9800000|100%| E|CS|TS 35|AC  0|TAMS 0x00000000e9700000, 0x00000000e9700000|
| 152|0x00000000e9800000, 0x00000000e9900000, 0x00000000e9900000|100%| E|CS|TS 35|AC  0|TAMS 0x00000000e9800000, 0x00000000e9800000|
| 153|0x00000000e9900000, 0x00000000e9a00000, 0x00000000e9a00000|100%| E|CS|TS 35|AC  0|TAMS 0x00000000e9900000, 0x00000000e9900000|
| 154|0x00000000e9a00000, 0x00000000e9b00000, 0x00000000e9b00000|100%| E|CS|TS 35|AC  0|TAMS 0x00000000e9a00000, 0x00000000e9a00000|
| 155|0x00000000e9b00000, 0x00000000e9c00000, 0x00000000e9c00000|100%| E|CS|TS 35|AC  0|TAMS 0x00000000e9b00000, 0x00000000e9b00000|
| 156|0x00000000e9c00000, 0x00000000e9d00000, 0x00000000e9d00000|100%| E|CS|TS 35|AC  0|TAMS 0x00000000e9c00000, 0x00000000e9c00000|
| 157|0x00000000e9d00000, 0x00000000e9e00000, 0x00000000e9e00000|100%| E|CS|TS 35|AC  0|TAMS 0x00000000e9d00000, 0x00000000e9d00000|
| 158|0x00000000e9e00000, 0x00000000e9f00000, 0x00000000e9f00000|100%| E|CS|TS 35|AC  0|TAMS 0x00000000e9e00000, 0x00000000e9e00000|
| 159|0x00000000e9f00000, 0x00000000ea000000, 0x00000000ea000000|100%| E|CS|TS 35|AC  0|TAMS 0x00000000e9f00000, 0x00000000e9f00000|
| 160|0x00000000ea000000, 0x00000000ea100000, 0x00000000ea100000|100%| E|CS|TS 35|AC  0|TAMS 0x00000000ea000000, 0x00000000ea000000|
| 161|0x00000000ea100000, 0x00000000ea200000, 0x00000000ea200000|100%| E|CS|TS 35|AC  0|TAMS 0x00000000ea100000, 0x00000000ea100000|
| 162|0x00000000ea200000, 0x00000000ea300000, 0x00000000ea300000|100%| E|CS|TS 35|AC  0|TAMS 0x00000000ea200000, 0x00000000ea200000|
| 163|0x00000000ea300000, 0x00000000ea400000, 0x00000000ea400000|100%| E|CS|TS 35|AC  0|TAMS 0x00000000ea300000, 0x00000000ea300000|
| 164|0x00000000ea400000, 0x00000000ea500000, 0x00000000ea500000|100%| E|CS|TS 35|AC  0|TAMS 0x00000000ea400000, 0x00000000ea400000|
| 165|0x00000000ea500000, 0x00000000ea600000, 0x00000000ea600000|100%| E|CS|TS 35|AC  0|TAMS 0x00000000ea500000, 0x00000000ea500000|
| 166|0x00000000ea600000, 0x00000000ea700000, 0x00000000ea700000|100%| E|CS|TS 35|AC  0|TAMS 0x00000000ea600000, 0x00000000ea600000|
| 167|0x00000000ea700000, 0x00000000ea800000, 0x00000000ea800000|100%| E|CS|TS 35|AC  0|TAMS 0x00000000ea700000, 0x00000000ea700000|
| 168|0x00000000ea800000, 0x00000000ea900000, 0x00000000ea900000|100%| E|CS|TS 35|AC  0|TAMS 0x00000000ea800000, 0x00000000ea800000|
| 169|0x00000000ea900000, 0x00000000eaa00000, 0x00000000eaa00000|100%| E|CS|TS 35|AC  0|TAMS 0x00000000ea900000, 0x00000000ea900000|
| 170|0x00000000eaa00000, 0x00000000eab00000, 0x00000000eab00000|100%| E|CS|TS 35|AC  0|TAMS 0x00000000eaa00000, 0x00000000eaa00000|
| 171|0x00000000eab00000, 0x00000000eac00000, 0x00000000eac00000|100%| E|CS|TS 35|AC  0|TAMS 0x00000000eab00000, 0x00000000eab00000|
| 172|0x00000000eac00000, 0x00000000ead00000, 0x00000000ead00000|100%| E|CS|TS 35|AC  0|TAMS 0x00000000eac00000, 0x00000000eac00000|
| 173|0x00000000ead00000, 0x00000000eae00000, 0x00000000eae00000|100%| E|CS|TS 35|AC  0|TAMS 0x00000000ead00000, 0x00000000ead00000|
| 174|0x00000000eae00000, 0x00000000eaf00000, 0x00000000eaf00000|100%| E|CS|TS 35|AC  0|TAMS 0x00000000eae00000, 0x00000000eae00000|
| 175|0x00000000eaf00000, 0x00000000eb000000, 0x00000000eb000000|100%| E|CS|TS 35|AC  0|TAMS 0x00000000eaf00000, 0x00000000eaf00000|
| 176|0x00000000eb000000, 0x00000000eb100000, 0x00000000eb100000|100%| E|CS|TS 35|AC  0|TAMS 0x00000000eb000000, 0x00000000eb000000|
| 177|0x00000000eb100000, 0x00000000eb200000, 0x00000000eb200000|100%| E|CS|TS 35|AC  0|TAMS 0x00000000eb100000, 0x00000000eb100000|
| 178|0x00000000eb200000, 0x00000000eb300000, 0x00000000eb300000|100%| E|CS|TS 35|AC  0|TAMS 0x00000000eb200000, 0x00000000eb200000|
| 179|0x00000000eb300000, 0x00000000eb400000, 0x00000000eb400000|100%| E|CS|TS 35|AC  0|TAMS 0x00000000eb300000, 0x00000000eb300000|
| 180|0x00000000eb400000, 0x00000000eb500000, 0x00000000eb500000|100%| E|CS|TS 35|AC  0|TAMS 0x00000000eb400000, 0x00000000eb400000|
| 181|0x00000000eb500000, 0x00000000eb600000, 0x00000000eb600000|100%| E|CS|TS 35|AC  0|TAMS 0x00000000eb500000, 0x00000000eb500000|
| 182|0x00000000eb600000, 0x00000000eb700000, 0x00000000eb700000|100%| E|CS|TS 35|AC  0|TAMS 0x00000000eb600000, 0x00000000eb600000|
| 183|0x00000000eb700000, 0x00000000eb800000, 0x00000000eb800000|100%| E|CS|TS 35|AC  0|TAMS 0x00000000eb700000, 0x00000000eb700000|
| 184|0x00000000eb800000, 0x00000000eb900000, 0x00000000eb900000|100%| E|CS|TS 35|AC  0|TAMS 0x00000000eb800000, 0x00000000eb800000|
| 185|0x00000000eb900000, 0x00000000eba00000, 0x00000000eba00000|100%| E|CS|TS 35|AC  0|TAMS 0x00000000eb900000, 0x00000000eb900000|
| 186|0x00000000eba00000, 0x00000000ebb00000, 0x00000000ebb00000|100%| E|CS|TS 35|AC  0|TAMS 0x00000000eba00000, 0x00000000eba00000|
| 187|0x00000000ebb00000, 0x00000000ebc00000, 0x00000000ebc00000|100%| E|CS|TS 35|AC  0|TAMS 0x00000000ebb00000, 0x00000000ebb00000|
| 188|0x00000000ebc00000, 0x00000000ebd00000, 0x00000000ebd00000|100%| E|CS|TS 35|AC  0|TAMS 0x00000000ebc00000, 0x00000000ebc00000|
| 189|0x00000000ebd00000, 0x00000000ebe00000, 0x00000000ebe00000|100%| E|CS|TS 35|AC  0|TAMS 0x00000000ebd00000, 0x00000000ebd00000|
| 190|0x00000000ebe00000, 0x00000000ebf00000, 0x00000000ebf00000|100%| E|CS|TS 35|AC  0|TAMS 0x00000000ebe00000, 0x00000000ebe00000|
| 191|0x00000000ebf00000, 0x00000000ec000000, 0x00000000ec000000|100%| E|CS|TS 35|AC  0|TAMS 0x00000000ebf00000, 0x00000000ebf00000|

Card table byte_map: [0x00000258737d0000,0x00000258738d0000] byte_map_base: 0x00000258730d0000

Marking Bits (Prev, Next): (CMBitMap*) 0x000002586ab57310, (CMBitMap*) 0x000002586ab57348
 Prev Bits: [0x00000258739d0000, 0x00000258741d0000)
 Next Bits: [0x00000258741d0000, 0x00000258749d0000)

Polling page: 0x00000258689c0000

CodeHeap 'non-profiled nmethods': size=120064Kb used=7052Kb max_used=7209Kb free=113011Kb
 bounds [0x0000025807ac0000, 0x00000258081d0000, 0x000002580f000000]
CodeHeap 'profiled nmethods': size=120000Kb used=21372Kb max_used=21635Kb free=98627Kb
 bounds [0x0000025800590000, 0x0000025801ac0000, 0x0000025807ac0000]
CodeHeap 'non-nmethods': size=5696Kb used=1736Kb max_used=1788Kb free=3959Kb
 bounds [0x0000025800000000, 0x0000025800270000, 0x0000025800590000]
 total_blobs=13370 nmethods=8810 adapters=1061
 compilation: enabled

Compilation events (10 events):
Event: 97.629 Thread 0x000002587784c000 nmethod 9361 0x00000258009fb410 code [0x00000258009fb680, 0x00000258009fc3e0]
Event: 97.630 Thread 0x000002587781c000 nmethod 9359 0x0000025807bcf210 code [0x0000025807bcf3c0, 0x0000025807bcf4d8]
Event: 97.647 Thread 0x0000025877826000 9362       4       javax.swing.SwingUtilities::findDisplayedMnemonicIndex (69 bytes)
Event: 97.648 Thread 0x0000025877826000 nmethod 9362 0x0000025807b80710 code [0x0000025807b808a0, 0x0000025807b80918]
Event: 97.651 Thread 0x000002587781c000 9363   !   4       sun.java2d.SunGraphics2D::untransformShape (44 bytes)
Event: 97.655 Thread 0x000002587784c000 9364       3       sun.java2d.pipe.PixelToParallelogramConverter::drawGeneralLine (641 bytes)
Event: 97.656 Thread 0x000002587781c000 nmethod 9363 0x0000025807bd6c10 code [0x0000025807bd6de0, 0x0000025807bd7078]
Event: 97.658 Thread 0x000002587784c000 nmethod 9364 0x00000258009f7d10 code [0x00000258009f8240, 0x00000258009fa3c0]
Event: 97.797 Thread 0x000002587784c000 9365       3       javax.swing.DefaultBoundedRangeModel::setRangeProperties (134 bytes)
Event: 97.797 Thread 0x000002587784c000 nmethod 9365 0x000002580098c210 code [0x000002580098c3e0, 0x000002580098c850]

GC Heap History (10 events):
Event: 56.532 GC heap before
{Heap before GC invocations=33 (full 0):
 garbage-first heap   total 196608K, used 161655K [0x00000000e0000000, 0x00000000e0100600, 0x0000000100000000)
  region size 1024K, 94 young (96256K), 4 survivors (4096K)
 Metaspace       used 44376K, capacity 45700K, committed 45948K, reserved 1089536K
  class space    used 5920K, capacity 6220K, committed 6272K, reserved 1048576K
}
Event: 56.538 GC heap after
{Heap after GC invocations=34 (full 0):
 garbage-first heap   total 196608K, used 66663K [0x00000000e0000000, 0x00000000e0100600, 0x0000000100000000)
  region size 1024K, 5 young (5120K), 5 survivors (5120K)
 Metaspace       used 44376K, capacity 45700K, committed 45948K, reserved 1089536K
  class space    used 5920K, capacity 6220K, committed 6272K, reserved 1048576K
}
Event: 65.455 GC heap before
{Heap before GC invocations=34 (full 0):
 garbage-first heap   total 196608K, used 160871K [0x00000000e0000000, 0x00000000e0100600, 0x0000000100000000)
  region size 1024K, 97 young (99328K), 5 survivors (5120K)
 Metaspace       used 44388K, capacity 45764K, committed 46204K, reserved 1089536K
  class space    used 5920K, capacity 6220K, committed 6272K, reserved 1048576K
}
Event: 65.460 GC heap after
{Heap after GC invocations=35 (full 0):
 garbage-first heap   total 196608K, used 66734K [0x00000000e0000000, 0x00000000e0100600, 0x0000000100000000)
  region size 1024K, 5 young (5120K), 5 survivors (5120K)
 Metaspace       used 44388K, capacity 45764K, committed 46204K, reserved 1089536K
  class space    used 5920K, capacity 6220K, committed 6272K, reserved 1048576K
}
Event: 74.440 GC heap before
{Heap before GC invocations=35 (full 0):
 garbage-first heap   total 196608K, used 161966K [0x00000000e0000000, 0x00000000e0100600, 0x0000000100000000)
  region size 1024K, 98 young (100352K), 5 survivors (5120K)
 Metaspace       used 44447K, capacity 45828K, committed 46204K, reserved 1089536K
  class space    used 5925K, capacity 6220K, committed 6272K, reserved 1048576K
}
Event: 74.448 GC heap after
{Heap after GC invocations=36 (full 0):
 garbage-first heap   total 196608K, used 69748K [0x00000000e0000000, 0x00000000e0100600, 0x0000000100000000)
  region size 1024K, 6 young (6144K), 6 survivors (6144K)
 Metaspace       used 44447K, capacity 45828K, committed 46204K, reserved 1089536K
  class space    used 5925K, capacity 6220K, committed 6272K, reserved 1048576K
}
Event: 84.751 GC heap before
{Heap before GC invocations=36 (full 0):
 garbage-first heap   total 196608K, used 162932K [0x00000000e0000000, 0x00000000e0100600, 0x0000000100000000)
  region size 1024K, 97 young (99328K), 6 survivors (6144K)
 Metaspace       used 44449K, capacity 45828K, committed 46204K, reserved 1089536K
  class space    used 5925K, capacity 6220K, committed 6272K, reserved 1048576K
}
Event: 84.762 GC heap after
{Heap after GC invocations=37 (full 0):
 garbage-first heap   total 196608K, used 70755K [0x00000000e0000000, 0x00000000e0100600, 0x0000000100000000)
  region size 1024K, 6 young (6144K), 6 survivors (6144K)
 Metaspace       used 44449K, capacity 45828K, committed 46204K, reserved 1089536K
  class space    used 5925K, capacity 6220K, committed 6272K, reserved 1048576K
}
Event: 93.942 GC heap before
{Heap before GC invocations=37 (full 0):
 garbage-first heap   total 196608K, used 164963K [0x00000000e0000000, 0x00000000e0100600, 0x0000000100000000)
  region size 1024K, 98 young (100352K), 6 survivors (6144K)
 Metaspace       used 44501K, capacity 45892K, committed 46204K, reserved 1089536K
  class space    used 5925K, capacity 6220K, committed 6272K, reserved 1048576K
}
Event: 93.960 GC heap after
{Heap after GC invocations=38 (full 0):
 garbage-first heap   total 196608K, used 73554K [0x00000000e0000000, 0x00000000e0100600, 0x0000000100000000)
  region size 1024K, 9 young (9216K), 9 survivors (9216K)
 Metaspace       used 44501K, capacity 45892K, committed 46204K, reserved 1089536K
  class space    used 5925K, capacity 6220K, committed 6272K, reserved 1048576K
}

Deoptimization events (10 events):
Event: 97.424 Thread 0x00000258782ae000 Uncommon trap: reason=unstable_if action=reinterpret pc=0x0000025807e3ddf4 method=sun.java2d.marlin.Stroker.finish()V @ 36 c2
Event: 97.425 Thread 0x00000258782ae000 Uncommon trap: reason=unstable_if action=reinterpret pc=0x0000025807cb7c60 method=sun.java2d.SunGraphics2D.untransformShape(Ljava/awt/Shape;)Ljava/awt/Shape; @ 1 c2
Event: 97.425 Thread 0x00000258782ae000 Uncommon trap: reason=unstable_if action=reinterpret pc=0x00000258080cacc0 method=javax.swing.JComponent.paintChildren(Ljava/awt/Graphics;)V @ 248 c2
Event: 97.425 Thread 0x00000258782ae000 Uncommon trap: reason=unstable_if action=reinterpret pc=0x0000025807b40c9c method=sun.java2d.SunGraphics2D.clone()Ljava/lang/Object; @ 48 c2
Event: 97.426 Thread 0x00000258782ae000 Uncommon trap: reason=unstable_if action=reinterpret pc=0x0000025807fab128 method=sun.java2d.SunGraphics2D.clip(Ljava/awt/Shape;)V @ 10 c2
Event: 97.426 Thread 0x00000258782ae000 Uncommon trap: reason=unstable_if action=reinterpret pc=0x00000258080c31c4 method=sun.java2d.SunGraphics2D.clone()Ljava/lang/Object; @ 48 c2
Event: 97.426 Thread 0x00000258782ae000 Uncommon trap: reason=unstable_if action=reinterpret pc=0x0000025807b6bc1c method=sun.java2d.SunGraphics2D.clone()Ljava/lang/Object; @ 48 c2
Event: 97.430 Thread 0x00000258782ae000 Uncommon trap: reason=bimorphic_or_optimized_type_check action=maybe_recompile pc=0x000002580810dc9c method=javax.swing.JComponent._paintImmediately(IIII)V @ 218 c2
Event: 97.572 Thread 0x00000258782ae000 Uncommon trap: reason=unstable_if action=reinterpret pc=0x0000025807f1cfb4 method=sun.java2d.pipe.PixelToParallelogramConverter.drawRect(Lsun/java2d/SunGraphics2D;IIII)V @ 29 c2
Event: 97.572 Thread 0x00000258782ae000 Uncommon trap: reason=unstable_if action=reinterpret pc=0x0000025807bea4a8 method=sun.java2d.pipe.PixelToParallelogramConverter.drawGeneralLine(Lsun/java2d/SunGraphics2D;DDDD)Z @ 505 c2

Classes redefined (0 events):
No events

Internal exceptions (10 events):
Event: 97.348 Thread 0x00000258782a7800 Exception <a 'java/lang/InterruptedException'{0x00000000e798a8d0}: sleep interrupted> (0x00000000e798a8d0) thrown at [t:/workspace/hotspot/src/share/vm/prims/jvm.cpp, line 3023]
Event: 97.419 Thread 0x00000258782ae000 Implicit null exception at 0x0000025807ec1bfb to 0x0000025807ec2d79
Event: 97.425 Thread 0x00000258782ae000 Implicit null exception at 0x0000025807cb71af to 0x0000025807cb7c51
Event: 97.425 Thread 0x00000258782ae000 Implicit null exception at 0x00000258080c62c8 to 0x00000258080cac79
Event: 97.426 Thread 0x00000258782ae000 Implicit null exception at 0x0000025807faa8b0 to 0x0000025807fab10d
Event: 97.439 Thread 0x00000258782a7800 Exception <a 'java/lang/InterruptedException'{0x00000000e78a28a0}: sleep interrupted> (0x00000000e78a28a0) thrown at [t:/workspace/hotspot/src/share/vm/prims/jvm.cpp, line 3023]
Event: 97.493 Thread 0x00000258782a7800 Exception <a 'java/lang/InterruptedException'{0x00000000e75243b8}: sleep interrupted> (0x00000000e75243b8) thrown at [t:/workspace/hotspot/src/share/vm/prims/jvm.cpp, line 2984]
Event: 97.533 Thread 0x00000258782a7800 Exception <a 'java/lang/InterruptedException'{0x00000000e7524a90}: sleep interrupted> (0x00000000e7524a90) thrown at [t:/workspace/hotspot/src/share/vm/prims/jvm.cpp, line 3023]
Event: 97.616 Thread 0x00000258782a7800 Exception <a 'java/lang/InterruptedException'{0x00000000e73fdb88}: sleep interrupted> (0x00000000e73fdb88) thrown at [t:/workspace/hotspot/src/share/vm/prims/jvm.cpp, line 2984]
Event: 97.661 Thread 0x00000258782a7800 Exception <a 'java/lang/InterruptedException'{0x00000000e66154f8}: sleep interrupted> (0x00000000e66154f8) thrown at [t:/workspace/hotspot/src/share/vm/prims/jvm.cpp, line 3023]

Events (10 events):
Event: 97.573 Executing VM operation: RevokeBias
Event: 97.573 Executing VM operation: RevokeBias done
Event: 97.573 Thread 0x0000025877894800 flushing nmethod 0x0000025801253010
Event: 97.575 Thread 0x0000025877894800 flushing nmethod 0x00000258013ddd90
Event: 97.575 Thread 0x0000025877894800 flushing nmethod 0x000002580140df90
Event: 97.576 Thread 0x0000025877894800 flushing nmethod 0x0000025801499310
Event: 97.628 Executing VM operation: RevokeBias
Event: 97.629 Executing VM operation: RevokeBias done
Event: 97.736 Executing VM operation: RevokeBias
Event: 97.737 Executing VM operation: RevokeBias done


Dynamic libraries:
0x00007ff70b8e0000 - 0x00007ff70b91e000 	g:\Program Files\AnyLogic 8 Personal Learning Edition\jre\bin\javaw.exe
0x00007ffd23590000 - 0x00007ffd23770000 	C:\WINDOWS\SYSTEM32\ntdll.dll
0x00007ffd23060000 - 0x00007ffd2310e000 	C:\WINDOWS\System32\KERNEL32.DLL
0x00007ffd20620000 - 0x00007ffd20886000 	C:\WINDOWS\System32\KERNELBASE.dll
0x00007ffd20ac0000 - 0x00007ffd20b61000 	C:\WINDOWS\System32\ADVAPI32.dll
0x00007ffd21fc0000 - 0x00007ffd2205d000 	C:\WINDOWS\System32\msvcrt.dll
0x00007ffd20a60000 - 0x00007ffd20abb000 	C:\WINDOWS\System32\sechost.dll
0x00007ffd22f10000 - 0x00007ffd2302f000 	C:\WINDOWS\System32\RPCRT4.dll
0x00007ffd22890000 - 0x00007ffd22a1f000 	C:\WINDOWS\System32\USER32.dll
0x00007ffd1fe00000 - 0x00007ffd1fe20000 	C:\WINDOWS\System32\win32u.dll
0x00007ffd234d0000 - 0x00007ffd234f8000 	C:\WINDOWS\System32\GDI32.dll
0x00007ffd1fb80000 - 0x00007ffd1fd13000 	C:\WINDOWS\System32\gdi32full.dll
0x00007ffd1fae0000 - 0x00007ffd1fb7b000 	C:\WINDOWS\System32\msvcp_win.dll
0x00007ffd1f9e0000 - 0x00007ffd1fad6000 	C:\WINDOWS\System32\ucrtbase.dll
0x00007ffd14d70000 - 0x00007ffd14fd9000 	C:\WINDOWS\WinSxS\amd64_microsoft.windows.common-controls_6595b64144ccf1df_6.0.16299.309_none_15cfd4c4935e6b11\COMCTL32.dll
0x00007ffd22070000 - 0x00007ffd22378000 	C:\WINDOWS\System32\combase.dll
0x00007ffd1fd20000 - 0x00007ffd1fd92000 	C:\WINDOWS\System32\bcryptPrimitives.dll
0x00007ffd1d5d0000 - 0x00007ffd1d5da000 	C:\WINDOWS\SYSTEM32\VERSION.dll
0x00007ffd23030000 - 0x00007ffd2305d000 	C:\WINDOWS\System32\IMM32.DLL
0x00007ffcca9a0000 - 0x00007ffccaa8f000 	g:\Program Files\AnyLogic 8 Personal Learning Edition\jre\bin\msvcr120.dll
0x00007ffcb9fe0000 - 0x00007ffcba086000 	g:\Program Files\AnyLogic 8 Personal Learning Edition\jre\bin\msvcp120.dll
0x000000006ff40000 - 0x0000000070964000 	g:\Program Files\AnyLogic 8 Personal Learning Edition\jre\bin\server\jvm.dll
0x00007ffd22060000 - 0x00007ffd22068000 	C:\WINDOWS\System32\PSAPI.DLL
0x00007ffd10ea0000 - 0x00007ffd10ea9000 	C:\WINDOWS\SYSTEM32\WSOCK32.dll
0x00007ffd22500000 - 0x00007ffd2256c000 	C:\WINDOWS\System32\WS2_32.dll
0x00007ffd1be20000 - 0x00007ffd1be43000 	C:\WINDOWS\SYSTEM32\WINMM.dll
0x00007ffd1bdf0000 - 0x00007ffd1be1a000 	C:\WINDOWS\SYSTEM32\WINMMBASE.dll
0x00007ffd1f990000 - 0x00007ffd1f9da000 	C:\WINDOWS\System32\cfgmgr32.dll
0x00007ffd07880000 - 0x00007ffd0788f000 	g:\Program Files\AnyLogic 8 Personal Learning Edition\jre\bin\verify.dll
0x00007ffcf1f70000 - 0x00007ffcf1f97000 	g:\Program Files\AnyLogic 8 Personal Learning Edition\jre\bin\java.dll
0x00007ffcf1f50000 - 0x00007ffcf1f66000 	g:\Program Files\AnyLogic 8 Personal Learning Edition\jre\bin\zip.dll
0x00007ffd07860000 - 0x00007ffd0786a000 	g:\Program Files\AnyLogic 8 Personal Learning Edition\jre\bin\jimage.dll
0x00007ffd20b70000 - 0x00007ffd21fa6000 	C:\WINDOWS\System32\SHELL32.dll
0x00007ffd23110000 - 0x00007ffd231b6000 	C:\WINDOWS\System32\shcore.dll
0x00007ffd1fe20000 - 0x00007ffd20567000 	C:\WINDOWS\System32\windows.storage.dll
0x00007ffd23500000 - 0x00007ffd23551000 	C:\WINDOWS\System32\shlwapi.dll
0x00007ffd1f900000 - 0x00007ffd1f911000 	C:\WINDOWS\System32\kernel.appcore.dll
0x00007ffd1f920000 - 0x00007ffd1f96c000 	C:\WINDOWS\System32\powrprof.dll
0x00007ffd1f8e0000 - 0x00007ffd1f8fb000 	C:\WINDOWS\System32\profapi.dll
0x00007ffccaf60000 - 0x00007ffccaf7a000 	G:\Program Files\AnyLogic 8 Personal Learning Edition\jre\bin\net.dll
0x00007ffd19e30000 - 0x00007ffd19f0e000 	C:\WINDOWS\SYSTEM32\WINHTTP.dll
0x00007ffd1ee20000 - 0x00007ffd1ee86000 	C:\WINDOWS\system32\mswsock.dll
0x00007ffccaf40000 - 0x00007ffccaf51000 	G:\Program Files\AnyLogic 8 Personal Learning Edition\jre\bin\nio.dll
0x00007ffcba3b0000 - 0x00007ffcba549000 	G:\Program Files\AnyLogic 8 Personal Learning Edition\jre\bin\awt.dll
0x00007ffd23380000 - 0x00007ffd23445000 	C:\WINDOWS\System32\OLEAUT32.dll
0x00007ffd1c4d0000 - 0x00007ffd1ca88000 	C:\WINDOWS\SYSTEM32\d2d1.dll
0x00007ffd20890000 - 0x00007ffd20a5e000 	C:\WINDOWS\System32\CRYPT32.dll
0x00007ffd1f970000 - 0x00007ffd1f982000 	C:\WINDOWS\System32\MSASN1.dll
0x00007ffd1d390000 - 0x00007ffd1d418000 	C:\WINDOWS\SYSTEM32\apphelp.dll
0x00007ffd1d4c0000 - 0x00007ffd1d555000 	C:\WINDOWS\system32\uxtheme.dll
0x00007ffd22720000 - 0x00007ffd22887000 	C:\WINDOWS\System32\MSCTF.dll
0x00007ffd1d6e0000 - 0x00007ffd1d70a000 	C:\WINDOWS\system32\dwmapi.dll
0x00007ffd22570000 - 0x00007ffd226b9000 	C:\WINDOWS\System32\ole32.dll
0x00007ffcb9f40000 - 0x00007ffcb9fdd000 	G:\Program Files\AnyLogic 8 Personal Learning Edition\jre\bin\fontmanager.dll
0x00007ffcf2810000 - 0x00007ffcf2852000 	G:\Program Files\AnyLogic 8 Personal Learning Edition\jre\bin\t2k.dll
0x00007ffcfb1c0000 - 0x00007ffcfb2de000 	C:\WINDOWS\system32\opengl32.dll
0x00007ffcfb190000 - 0x00007ffcfb1bc000 	C:\WINDOWS\SYSTEM32\GLU32.dll
0x00007ffd142e0000 - 0x00007ffd14378000 	C:\WINDOWS\System32\TextInputFramework.dll
0x00007ffd1cd80000 - 0x00007ffd1ce5c000 	C:\WINDOWS\System32\CoreMessaging.dll
0x00007ffd1a5c0000 - 0x00007ffd1a8ae000 	C:\WINDOWS\System32\CoreUIComponents.dll
0x00007ffd1e790000 - 0x00007ffd1e7c1000 	C:\WINDOWS\SYSTEM32\ntmarta.dll
0x00007ffd1b400000 - 0x00007ffd1b536000 	C:\WINDOWS\SYSTEM32\wintypes.dll
0x00007ffd22e70000 - 0x00007ffd22f0e000 	C:\WINDOWS\System32\clbcatq.dll
0x00007ffd1aa20000 - 0x00007ffd1abcb000 	C:\WINDOWS\SYSTEM32\WindowsCodecs.dll
0x00007ffd00560000 - 0x00007ffd005af000 	C:\WINDOWS\system32\dataexchange.dll
0x00007ffd1ce60000 - 0x00007ffd1cfa2000 	C:\WINDOWS\system32\dcomp.dll
0x00007ffd1ca90000 - 0x00007ffd1cd72000 	C:\WINDOWS\system32\d3d11.dll
0x00007ffd1e380000 - 0x00007ffd1e42f000 	C:\WINDOWS\system32\dxgi.dll
0x00007ffd1d860000 - 0x00007ffd1d9db000 	C:\WINDOWS\system32\twinapi.appcore.dll
0x00007ffd1d7d0000 - 0x00007ffd1d7f0000 	C:\WINDOWS\system32\RMCLIENT.dll
0x00007ffd1f410000 - 0x00007ffd1f435000 	C:\WINDOWS\system32\bcrypt.dll
0x00007ffd07700000 - 0x00007ffd07709000 	G:\Program Files\AnyLogic 8 Personal Learning Edition\jre\bin\management.dll
0x00007ffcf4dc0000 - 0x00007ffcf4dca000 	G:\Program Files\AnyLogic 8 Personal Learning Edition\jre\bin\management_ext.dll
0x00007ffd1ebf0000 - 0x00007ffd1eca6000 	C:\WINDOWS\SYSTEM32\DNSAPI.dll
0x00007ffd22380000 - 0x00007ffd22388000 	C:\WINDOWS\System32\NSI.dll
0x00007ffd1ebb0000 - 0x00007ffd1ebe9000 	C:\WINDOWS\SYSTEM32\IPHLPAPI.DLL
0x0000000071820000 - 0x0000000071846000 	C:\Program Files\Bonjour\mdnsNSP.dll
0x00007ffd12e50000 - 0x00007ffd12e5a000 	C:\Windows\System32\rasadhlp.dll
0x00007ffd102a0000 - 0x00007ffd10310000 	C:\WINDOWS\System32\fwpuclnt.dll
0x0000000010000000 - 0x000000001005a000 	G:\Program Files\AnyLogic 8 Personal Learning Edition\plugins\org.j3d.opengl.swt.win32.x86_64_0.7.0\jogl.dll
0x000000006f610000 - 0x000000006f6d9000 	C:\WINDOWS\WinSxS\amd64_microsoft.vc80.crt_1fc8b3b9a1e18e3b_8.0.50727.9348_none_88dedda92fafc8db\MSVCR80.dll
0x00007ffca9910000 - 0x00007ffcaa409000 	C:\WINDOWS\SYSTEM32\ig75icd64.dll
0x00007ffd175f0000 - 0x00007ffd17ff4000 	C:\WINDOWS\SYSTEM32\igdusc64.dll
0x00007ffd1ba80000 - 0x00007ffd1ba93000 	C:\WINDOWS\SYSTEM32\WTSAPI32.dll
0x00007ffd18190000 - 0x00007ffd18197000 	G:\Program Files\AnyLogic 8 Personal Learning Edition\jre\bin\jawt.dll
0x00000000009b0000 - 0x00000000009b8000 	G:\Program Files\AnyLogic 8 Personal Learning Edition\plugins\org.j3d.opengl.swt.win32.x86_64_0.7.0\jogl_awt.dll
0x00007ffd1f460000 - 0x00007ffd1f628000 	C:\WINDOWS\SYSTEM32\dbghelp.dll

VM Arguments:
jvm_args: -Xmx512m --illegal-access=deny -DlanguageId_xjal=en0xg4ub -DFlowchartCountersVisible_xjal=true -DTileCachePath_xjal=G:\Program Files\AnyLogic 8 Personal Learning Edition\plugins\com.anylogic.gis_8.2.3.201711301819\tiles -DFlowchartPortStateAnimated_xjal=true -DuseProxy_xjal=false -Djava.library.path=G:\Program Files\AnyLogic 8 Personal Learning Edition\plugins\org.j3d.opengl.swt.win32.x86_64_0.7.0;G:\Program Files\AnyLogic 8 Personal Learning Edition\plugins\org.j3d.opengl.swt.win32.x86_64_0.7.0 -Dfile.encoding=Cp1252 
java_command: com.anylogic.ms.MS wip_repr_model1.Simulation 1837935
java_class_path (initial): C:\Users\Prof. R. P. Singh\.AnyLogicPLE\Workspace8\Wip_repr_model2_BUILD\classes;G:\Program Files\AnyLogic 8 Personal Learning Edition\plugins\com.anylogic.engine_8.2.3.201711301819\com.anylogic.engine.jar;G:\Program Files\AnyLogic 8 Personal Learning Edition\plugins\com.anylogic.engine_8.2.3.201711301819\com.anylogic.engine.al3d.jar;G:\Program Files\AnyLogic 8 Personal Learning Edition\plugins\com.anylogic.engine_8.2.3.201711301819\com.anylogic.engine.resources.jar;G:\Program Files\AnyLogic 8 Personal Learning Edition\plugins\com.anylogic.engine_8.2.3.201711301819\com.anylogic.engine.nl.jar;G:\Program Files\AnyLogic 8 Personal Learning Edition\plugins\com.anylogic.optimizer_8.2.3.201711301819\lib\OptQuest.jar;G:\Program Files\AnyLogic 8 Personal Learning Edition\plugins\com.anylogic.third_party_libraries_8.2.3.201711301819\lib\database\hsqldb.jar;G:\Program Files\AnyLogic 8 Personal Learning Edition\plugins\com.anylogic.third_party_libraries_8.2.3.201711301819\lib\database\querydsl\querydsl-sql-3.6.3.jar;G:\Program Files\AnyLogic 8 Personal Learning Edition\plugins\com.anylogic.third_party_libraries_8.2.3.201711301819\lib\database\bcprov-jdk15-1.46.jar;G:\Program Files\AnyLogic 8 Personal Learning Edition\plugins\com.anylogic.third_party_libraries_8.2.3.201711301819\lib\database\querydsl\sdoapi-11.2.0.jar;G:\Program Files\AnyLogic 8 Personal Learning Edition\plugins\com.anylogic.third_party_libraries_8.2.3.201711301819\lib\database\ucanaccess-2.0.9.2.jar;G:\Program Files\AnyLogic 8 Personal Learning Edition\plugins\com.anylogic.third_party_libraries_8.2.3.201711301819\lib\database\querydsl\ojdbc6-11.1.0.7.0.jar;G:\Program Files\AnyLogic 8 Personal Learning Edition\plugins\org.apache.poi_1.0.0\lib\dom4j-1.6.1.jar;G:\Program Files\AnyLogic 8 Personal Learning Edition\plugins\com.anylogic.third_party_libraries_8.2.3.201711301819\lib\database\commons-lang-2.6.jar;G:\Program Files\AnyLogic 8 Personal Learning Edition\plugins\com.anylogic.thi
Launcher Type: SUN_STANDARD

Logging:
Log output configuration:
#0: stdout all=warning uptime,level,tags
#1: stderr all=off uptime,level,tags

Environment Variables:
PATH=G:/Program Files/AnyLogic 8 Personal Learning Edition/jre/bin/server;G:/Program Files/AnyLogic 8 Personal Learning Edition/jre/bin;C:\Program Files\NVIDIA GPU Computing Toolkit\CUDA\v9.1\bin;C:\Program Files\NVIDIA GPU Computing Toolkit\CUDA\v9.1\libnvvp;C:\ProgramData\Oracle\Java\javapath;C:\WINDOWS\system32;C:\WINDOWS;C:\WINDOWS\System32\Wbem;C:\WINDOWS\System32\WindowsPowerShell\v1.0\;G:\Program Files\MiKTeX 2.9\miktex\bin\x64\;G:\Program Files\Git\cmd;C:\Program Files (x86)\Windows Kits\8.1\Windows Performance Toolkit\;G:\Program Files\MATLAB\R2017b\bin;C:\Program Files (x86)\NVIDIA Corporation\PhysX\Common;C:\Users\Prof. R. P. Singh\AppData\Local\Microsoft\WindowsApps;C:\Users\Prof. R. P. Singh\AppData\Local\GitHubDesktop\bin;g:\Program Files\AnyLogic 8 Personal Learning Edition;
USERNAME=Prof. R. P. Singh
OS=Windows_NT
PROCESSOR_IDENTIFIER=Intel64 Family 6 Model 69 Stepping 1, GenuineIntel



---------------  S Y S T E M  ---------------

OS: Windows 10 , 64 bit Build 16299 (10.0.16299.15)

CPU:total 4 (initial active 4) (2 cores per cpu, 2 threads per core) family 6 model 69 stepping 1, cmov, cx8, fxsr, mmx, sse, sse2, sse3, ssse3, sse4.1, sse4.2, popcnt, avx, avx2, aes, clmul, erms, lzcnt, ht, tsc, tscinvbit, bmi1, bmi2, fma

Memory: 4k page, physical 12511384k(2928612k free), swap 24103980k(4112168k free)

vm_info: Java HotSpot(TM) 64-Bit Server VM (9.0.1+11) for windows-amd64 JRE (9.0.1+11), built on Sep 28 2017 04:54:03 by "mach5one" with MS VC++ 12.0 (VS2013)

END.
